<?xml version="1.0" encoding="UTF-8"?>
<testsuite name="OperationsTest" tests="2" skipped="0" failures="0" errors="0" timestamp="2021-05-05T17:36:39" hostname="Hadeels-MacBook-Pro.local" time="0.022">
  <properties/>
  <testcase name="testExecuteAdd()" classname="OperationsTest" time="0.021"/>
  <testcase name="testExecuteSubtract()" classname="OperationsTest" time="0.0"/>
  <system-out><![CDATA[]]></system-out>
  <system-err><![CDATA[]]></system-err>
</testsuite>
