<?xml version="1.0" encoding="UTF-8"?>
<testsuite name="CalculatorWithThreeValues" tests="3" skipped="0" failures="0" errors="0" timestamp="2021-05-05T16:42:55" hostname="Hadeels-MacBook-Pro.local" time="0.037">
  <properties/>
  <testcase name="testPushToAccumulator()" classname="CalculatorWithThreeValues" time="0.034"/>
  <testcase name="testPopValueFromAccumulator()" classname="CalculatorWithThreeValues" time="0.001"/>
  <testcase name="testPopValuesFromAccumulator()" classname="CalculatorWithThreeValues" time="0.001"/>
  <system-out><![CDATA[]]></system-out>
  <system-err><![CDATA[]]></system-err>
</testsuite>
